<?xml version="1.0" encoding="UTF-8"?>
<coverage generated="1627539447397" clover="3.2.0">
  <project timestamp="1627539447398" name="All files">
    <metrics statements="13" coveredstatements="9" conditionals="2" coveredconditionals="2" methods="2" coveredmethods="1" elements="17" coveredelements="12" complexity="0" loc="13" ncloc="13" packages="1" files="1" classes="1"/>
    <file name="helper.js" path="C:\Users\vsvij\Desktop\dws-github\dws-challenge\src\helper.js">
      <metrics statements="13" coveredstatements="9" conditionals="2" coveredconditionals="2" methods="2" coveredmethods="1"/>
      <line num="1" count="1" type="stmt"/>
      <line num="2" count="2" type="stmt"/>
      <line num="3" count="2" type="stmt"/>
      <line num="5" count="2" type="stmt"/>
      <line num="7" count="2" type="stmt"/>
      <line num="8" count="3" type="cond" truecount="2" falsecount="0"/>
      <line num="9" count="1" type="stmt"/>
      <line num="11" count="2" type="stmt"/>
      <line num="15" count="1" type="stmt"/>
      <line num="16" count="0" type="stmt"/>
      <line num="18" count="0" type="stmt"/>
      <line num="19" count="0" type="stmt"/>
      <line num="20" count="0" type="stmt"/>
    </file>
  </project>
</coverage>
