{"C:\\Users\\vsvij\\Desktop\\dws-ui-challenge\\src\\controller.js": {"path":"C:\\Users\\vsvij\\Desktop\\dws-ui-challenge\\src\\controller.js","statementMap":{"0":{"start":{"line":3,"column":31},"end":{"line":18,"column":1}},"1":{"start":{"line":5,"column":2},"end":{"line":7,"column":3}},"2":{"start":{"line":6,"column":4},"end":{"line":6,"column":18}},"3":{"start":{"line":11,"column":2},"end":{"line":15,"column":3}},"4":{"start":{"line":12,"column":4},"end":{"line":12,"column":63}},"5":{"start":{"line":14,"column":4},"end":{"line":14,"column":61}},"6":{"start":{"line":17,"column":2},"end":{"line":17,"column":16}},"7":{"start":{"line":20,"column":22},"end":{"line":25,"column":1}},"8":{"start":{"line":21,"column":19},"end":{"line":21,"column":49}},"9":{"start":{"line":22,"column":13},"end":{"line":22,"column":41}},"10":{"start":{"line":23,"column":2},"end":{"line":23,"column":27}},"11":{"start":{"line":24,"column":2},"end":{"line":24,"column":22}},"12":{"start":{"line":27,"column":18},"end":{"line":32,"column":1}},"13":{"start":{"line":29,"column":18},"end":{"line":29,"column":85}},"14":{"start":{"line":30,"column":2},"end":{"line":30,"column":105}},"15":{"start":{"line":30,"column":27},"end":{"line":30,"column":102}},"16":{"start":{"line":31,"column":2},"end":{"line":31,"column":60}},"17":{"start":{"line":31,"column":28},"end":{"line":31,"column":59}},"18":{"start":{"line":34,"column":32},"end":{"line":75,"column":1}},"19":{"start":{"line":35,"column":20},"end":{"line":35,"column":56}},"20":{"start":{"line":36,"column":27},"end":{"line":36,"column":76}},"21":{"start":{"line":37,"column":27},"end":{"line":37,"column":29}},"22":{"start":{"line":38,"column":2},"end":{"line":40,"column":5}},"23":{"start":{"line":39,"column":4},"end":{"line":39,"column":59}},"24":{"start":{"line":41,"column":17},"end":{"line":41,"column":47}},"25":{"start":{"line":42,"column":2},"end":{"line":46,"column":5}},"26":{"start":{"line":47,"column":2},"end":{"line":61,"column":3}},"27":{"start":{"line":48,"column":4},"end":{"line":48,"column":54}},"28":{"start":{"line":49,"column":4},"end":{"line":50,"column":45}},"29":{"start":{"line":51,"column":4},"end":{"line":52,"column":45}},"30":{"start":{"line":53,"column":4},"end":{"line":54,"column":51}},"31":{"start":{"line":55,"column":4},"end":{"line":56,"column":51}},"32":{"start":{"line":57,"column":4},"end":{"line":57,"column":45}},"33":{"start":{"line":58,"column":4},"end":{"line":58,"column":50}},"34":{"start":{"line":60,"column":4},"end":{"line":60,"column":11}},"35":{"start":{"line":63,"column":22},"end":{"line":63,"column":43}},"36":{"start":{"line":64,"column":2},"end":{"line":64,"column":44}},"37":{"start":{"line":65,"column":2},"end":{"line":65,"column":55}},"38":{"start":{"line":66,"column":2},"end":{"line":66,"column":69}},"39":{"start":{"line":67,"column":2},"end":{"line":67,"column":69}},"40":{"start":{"line":68,"column":2},"end":{"line":68,"column":69}},"41":{"start":{"line":69,"column":2},"end":{"line":69,"column":69}},"42":{"start":{"line":70,"column":2},"end":{"line":70,"column":75}},"43":{"start":{"line":71,"column":2},"end":{"line":71,"column":75}},"44":{"start":{"line":72,"column":21},"end":{"line":72,"column":49}},"45":{"start":{"line":73,"column":2},"end":{"line":73,"column":33}},"46":{"start":{"line":74,"column":2},"end":{"line":74,"column":38}}},"fnMap":{"0":{"name":"(anonymous_0)","decl":{"start":{"line":3,"column":31},"end":{"line":3,"column":32}},"loc":{"start":{"line":3,"column":64},"end":{"line":18,"column":1}},"line":3},"1":{"name":"(anonymous_1)","decl":{"start":{"line":20,"column":22},"end":{"line":20,"column":23}},"loc":{"start":{"line":20,"column":38},"end":{"line":25,"column":1}},"line":20},"2":{"name":"(anonymous_2)","decl":{"start":{"line":27,"column":18},"end":{"line":27,"column":19}},"loc":{"start":{"line":27,"column":38},"end":{"line":32,"column":1}},"line":27},"3":{"name":"(anonymous_3)","decl":{"start":{"line":30,"column":17},"end":{"line":30,"column":18}},"loc":{"start":{"line":30,"column":27},"end":{"line":30,"column":102}},"line":30},"4":{"name":"(anonymous_4)","decl":{"start":{"line":31,"column":16},"end":{"line":31,"column":17}},"loc":{"start":{"line":31,"column":28},"end":{"line":31,"column":59}},"line":31},"5":{"name":"(anonymous_5)","decl":{"start":{"line":34,"column":32},"end":{"line":34,"column":33}},"loc":{"start":{"line":34,"column":65},"end":{"line":75,"column":1}},"line":34},"6":{"name":"(anonymous_6)","decl":{"start":{"line":38,"column":43},"end":{"line":38,"column":44}},"loc":{"start":{"line":38,"column":53},"end":{"line":40,"column":3}},"line":38}},"branchMap":{"0":{"loc":{"start":{"line":5,"column":2},"end":{"line":7,"column":3}},"type":"if","locations":[{"start":{"line":5,"column":2},"end":{"line":7,"column":3}},{"start":{"line":5,"column":2},"end":{"line":7,"column":3}}],"line":5},"1":{"loc":{"start":{"line":11,"column":2},"end":{"line":15,"column":3}},"type":"if","locations":[{"start":{"line":11,"column":2},"end":{"line":15,"column":3}},{"start":{"line":11,"column":2},"end":{"line":15,"column":3}}],"line":11},"2":{"loc":{"start":{"line":47,"column":2},"end":{"line":61,"column":3}},"type":"if","locations":[{"start":{"line":47,"column":2},"end":{"line":61,"column":3}},{"start":{"line":47,"column":2},"end":{"line":61,"column":3}}],"line":47}},"s":{"0":1,"1":3,"2":1,"3":2,"4":1,"5":1,"6":2,"7":1,"8":0,"9":0,"10":0,"11":0,"12":1,"13":0,"14":0,"15":0,"16":0,"17":0,"18":1,"19":0,"20":0,"21":0,"22":0,"23":0,"24":0,"25":0,"26":0,"27":0,"28":0,"29":0,"30":0,"31":0,"32":0,"33":0,"34":0,"35":0,"36":0,"37":0,"38":0,"39":0,"40":0,"41":0,"42":0,"43":0,"44":0,"45":0,"46":0},"f":{"0":3,"1":0,"2":0,"3":0,"4":0,"5":0,"6":0},"b":{"0":[1,2],"1":[1,1],"2":[0,0]},"_coverageSchema":"1a1c01bbd47fc00a2c39e90264f33305004495a9","hash":"0bf0aea4182dfa725dd25a65c4a71f5db90acfc4"}
,"C:\\Users\\vsvij\\Desktop\\dws-ui-challenge\\src\\sparkline.js": {"path":"C:\\Users\\vsvij\\Desktop\\dws-ui-challenge\\src\\sparkline.js","statementMap":{"0":{"start":{"line":1,"column":0},"end":{"line":141,"column":4}},"1":{"start":{"line":2,"column":4},"end":{"line":13,"column":3}},"2":{"start":{"line":4,"column":8},"end":{"line":4,"column":24}},"3":{"start":{"line":5,"column":11},"end":{"line":13,"column":3}},"4":{"start":{"line":9,"column":8},"end":{"line":9,"column":35}},"5":{"start":{"line":12,"column":8},"end":{"line":12,"column":35}},"6":{"start":{"line":18,"column":18},"end":{"line":18,"column":20}},"7":{"start":{"line":19,"column":8},"end":{"line":21,"column":9}},"8":{"start":{"line":20,"column":12},"end":{"line":20,"column":70}},"9":{"start":{"line":22,"column":8},"end":{"line":22,"column":19}},"10":{"start":{"line":26,"column":8},"end":{"line":26,"column":31}},"11":{"start":{"line":27,"column":8},"end":{"line":27,"column":64}},"12":{"start":{"line":29,"column":8},"end":{"line":39,"column":9}},"13":{"start":{"line":30,"column":12},"end":{"line":30,"column":57}},"14":{"start":{"line":31,"column":12},"end":{"line":31,"column":50}},"15":{"start":{"line":32,"column":12},"end":{"line":32,"column":56}},"16":{"start":{"line":33,"column":12},"end":{"line":33,"column":54}},"17":{"start":{"line":35,"column":12},"end":{"line":38,"column":13}},"18":{"start":{"line":36,"column":16},"end":{"line":36,"column":56}},"19":{"start":{"line":37,"column":16},"end":{"line":37,"column":65}},"20":{"start":{"line":42,"column":4},"end":{"line":54,"column":6}},"21":{"start":{"line":56,"column":4},"end":{"line":58,"column":6}},"22":{"start":{"line":57,"column":8},"end":{"line":57,"column":47}},"23":{"start":{"line":60,"column":4},"end":{"line":64,"column":5}},"24":{"start":{"line":61,"column":24},"end":{"line":61,"column":55}},"25":{"start":{"line":62,"column":8},"end":{"line":62,"column":31}},"26":{"start":{"line":63,"column":8},"end":{"line":63,"column":25}},"27":{"start":{"line":67,"column":20},"end":{"line":67,"column":39}},"28":{"start":{"line":68,"column":8},"end":{"line":72,"column":9}},"29":{"start":{"line":69,"column":10},"end":{"line":69,"column":36}},"30":{"start":{"line":71,"column":10},"end":{"line":71,"column":80}},"31":{"start":{"line":76,"column":8},"end":{"line":76,"column":25}},"32":{"start":{"line":77,"column":8},"end":{"line":77,"column":31}},"33":{"start":{"line":78,"column":8},"end":{"line":78,"column":52}},"34":{"start":{"line":79,"column":8},"end":{"line":79,"column":20}},"35":{"start":{"line":83,"column":16},"end":{"line":83,"column":42}},"36":{"start":{"line":84,"column":21},"end":{"line":84,"column":95}},"37":{"start":{"line":85,"column":20},"end":{"line":85,"column":101}},"38":{"start":{"line":87,"column":8},"end":{"line":87,"column":89}},"39":{"start":{"line":90,"column":4},"end":{"line":134,"column":5}},"40":{"start":{"line":92,"column":8},"end":{"line":92,"column":30}},"41":{"start":{"line":93,"column":8},"end":{"line":93,"column":29}},"42":{"start":{"line":95,"column":8},"end":{"line":95,"column":60}},"43":{"start":{"line":96,"column":8},"end":{"line":96,"column":45}},"44":{"start":{"line":97,"column":8},"end":{"line":97,"column":60}},"45":{"start":{"line":98,"column":8},"end":{"line":98,"column":45}},"46":{"start":{"line":100,"column":22},"end":{"line":100,"column":55}},"47":{"start":{"line":101,"column":22},"end":{"line":101,"column":55}},"48":{"start":{"line":102,"column":20},"end":{"line":102,"column":49}},"49":{"start":{"line":103,"column":21},"end":{"line":103,"column":51}},"50":{"start":{"line":105,"column":23},"end":{"line":105,"column":76}},"51":{"start":{"line":106,"column":23},"end":{"line":106,"column":76}},"52":{"start":{"line":107,"column":19},"end":{"line":107,"column":26}},"53":{"start":{"line":108,"column":19},"end":{"line":108,"column":26}},"54":{"start":{"line":110,"column":16},"end":{"line":110,"column":23}},"55":{"start":{"line":111,"column":16},"end":{"line":111,"column":70}},"56":{"start":{"line":112,"column":20},"end":{"line":112,"column":47}},"57":{"start":{"line":114,"column":18},"end":{"line":114,"column":79}},"58":{"start":{"line":116,"column":8},"end":{"line":116,"column":33}},"59":{"start":{"line":117,"column":8},"end":{"line":117,"column":58}},"60":{"start":{"line":118,"column":8},"end":{"line":118,"column":67}},"61":{"start":{"line":120,"column":8},"end":{"line":120,"column":37}},"62":{"start":{"line":121,"column":8},"end":{"line":127,"column":9}},"63":{"start":{"line":121,"column":18},"end":{"line":121,"column":19}},"64":{"start":{"line":122,"column":12},"end":{"line":122,"column":23}},"65":{"start":{"line":123,"column":12},"end":{"line":123,"column":41}},"66":{"start":{"line":125,"column":12},"end":{"line":125,"column":52}},"67":{"start":{"line":126,"column":12},"end":{"line":126,"column":52}},"68":{"start":{"line":128,"column":8},"end":{"line":128,"column":30}},"69":{"start":{"line":130,"column":8},"end":{"line":130,"column":89}},"70":{"start":{"line":131,"column":8},"end":{"line":131,"column":95}},"71":{"start":{"line":132,"column":8},"end":{"line":132,"column":107}},"72":{"start":{"line":133,"column":8},"end":{"line":133,"column":107}},"73":{"start":{"line":137,"column":8},"end":{"line":137,"column":43}},"74":{"start":{"line":140,"column":4},"end":{"line":140,"column":21}}},"fnMap":{"0":{"name":"(anonymous_0)","decl":{"start":{"line":1,"column":1},"end":{"line":1,"column":2}},"loc":{"start":{"line":1,"column":26},"end":{"line":14,"column":1}},"line":1},"1":{"name":"(anonymous_1)","decl":{"start":{"line":14,"column":8},"end":{"line":14,"column":9}},"loc":{"start":{"line":14,"column":20},"end":{"line":141,"column":1}},"line":14},"2":{"name":"extend","decl":{"start":{"line":17,"column":13},"end":{"line":17,"column":19}},"loc":{"start":{"line":17,"column":38},"end":{"line":23,"column":5}},"line":17},"3":{"name":"Sparkline","decl":{"start":{"line":25,"column":13},"end":{"line":25,"column":22}},"loc":{"start":{"line":25,"column":40},"end":{"line":40,"column":5}},"line":25},"4":{"name":"(anonymous_4)","decl":{"start":{"line":56,"column":21},"end":{"line":56,"column":22}},"loc":{"start":{"line":56,"column":47},"end":{"line":58,"column":5}},"line":56},"5":{"name":"(anonymous_5)","decl":{"start":{"line":60,"column":21},"end":{"line":60,"column":22}},"loc":{"start":{"line":60,"column":55},"end":{"line":64,"column":5}},"line":60},"6":{"name":"getY","decl":{"start":{"line":66,"column":13},"end":{"line":66,"column":17}},"loc":{"start":{"line":66,"column":61},"end":{"line":73,"column":5}},"line":66},"7":{"name":"drawDot","decl":{"start":{"line":75,"column":13},"end":{"line":75,"column":20}},"loc":{"start":{"line":75,"column":41},"end":{"line":80,"column":5}},"line":75},"8":{"name":"showTooltip","decl":{"start":{"line":82,"column":13},"end":{"line":82,"column":24}},"loc":{"start":{"line":82,"column":27},"end":{"line":88,"column":5}},"line":82},"9":{"name":"(anonymous_9)","decl":{"start":{"line":90,"column":31},"end":{"line":90,"column":32}},"loc":{"start":{"line":90,"column":47},"end":{"line":134,"column":5}},"line":90},"10":{"name":"minmax","decl":{"start":{"line":136,"column":13},"end":{"line":136,"column":19}},"loc":{"start":{"line":136,"column":28},"end":{"line":138,"column":5}},"line":136}},"branchMap":{"0":{"loc":{"start":{"line":2,"column":4},"end":{"line":13,"column":3}},"type":"if","locations":[{"start":{"line":2,"column":4},"end":{"line":13,"column":3}},{"start":{"line":2,"column":4},"end":{"line":13,"column":3}}],"line":2},"1":{"loc":{"start":{"line":2,"column":8},"end":{"line":2,"column":50}},"type":"binary-expr","locations":[{"start":{"line":2,"column":8},"end":{"line":2,"column":36}},{"start":{"line":2,"column":40},"end":{"line":2,"column":50}}],"line":2},"2":{"loc":{"start":{"line":5,"column":11},"end":{"line":13,"column":3}},"type":"if","locations":[{"start":{"line":5,"column":11},"end":{"line":13,"column":3}},{"start":{"line":5,"column":11},"end":{"line":13,"column":3}}],"line":5},"3":{"loc":{"start":{"line":20,"column":23},"end":{"line":20,"column":69}},"type":"cond-expr","locations":[{"start":{"line":20,"column":41},"end":{"line":20,"column":54}},{"start":{"line":20,"column":57},"end":{"line":20,"column":69}}],"line":20},"4":{"loc":{"start":{"line":27,"column":30},"end":{"line":27,"column":43}},"type":"binary-expr","locations":[{"start":{"line":27,"column":30},"end":{"line":27,"column":37}},{"start":{"line":27,"column":41},"end":{"line":27,"column":43}}],"line":27},"5":{"loc":{"start":{"line":33,"column":25},"end":{"line":33,"column":53}},"type":"binary-expr","locations":[{"start":{"line":33,"column":25},"end":{"line":33,"column":48}},{"start":{"line":33,"column":52},"end":{"line":33,"column":53}}],"line":33},"6":{"loc":{"start":{"line":35,"column":12},"end":{"line":38,"column":13}},"type":"if","locations":[{"start":{"line":35,"column":12},"end":{"line":38,"column":13}},{"start":{"line":35,"column":12},"end":{"line":38,"column":13}}],"line":35},"7":{"loc":{"start":{"line":68,"column":8},"end":{"line":72,"column":9}},"type":"if","locations":[{"start":{"line":68,"column":8},"end":{"line":72,"column":9}},{"start":{"line":68,"column":8},"end":{"line":72,"column":9}}],"line":68},"8":{"loc":{"start":{"line":83,"column":16},"end":{"line":83,"column":42}},"type":"binary-expr","locations":[{"start":{"line":83,"column":16},"end":{"line":83,"column":25}},{"start":{"line":83,"column":29},"end":{"line":83,"column":37}},{"start":{"line":83,"column":41},"end":{"line":83,"column":42}}],"line":83},"9":{"loc":{"start":{"line":92,"column":17},"end":{"line":92,"column":29}},"type":"binary-expr","locations":[{"start":{"line":92,"column":17},"end":{"line":92,"column":23}},{"start":{"line":92,"column":27},"end":{"line":92,"column":29}}],"line":92},"10":{"loc":{"start":{"line":105,"column":23},"end":{"line":105,"column":76}},"type":"binary-expr","locations":[{"start":{"line":105,"column":23},"end":{"line":105,"column":44}},{"start":{"line":105,"column":48},"end":{"line":105,"column":76}}],"line":105},"11":{"loc":{"start":{"line":106,"column":23},"end":{"line":106,"column":76}},"type":"binary-expr","locations":[{"start":{"line":106,"column":23},"end":{"line":106,"column":44}},{"start":{"line":106,"column":48},"end":{"line":106,"column":76}}],"line":106},"12":{"loc":{"start":{"line":125,"column":19},"end":{"line":125,"column":51}},"type":"cond-expr","locations":[{"start":{"line":125,"column":43},"end":{"line":125,"column":44}},{"start":{"line":125,"column":47},"end":{"line":125,"column":51}}],"line":125},"13":{"loc":{"start":{"line":126,"column":19},"end":{"line":126,"column":51}},"type":"cond-expr","locations":[{"start":{"line":126,"column":43},"end":{"line":126,"column":44}},{"start":{"line":126,"column":47},"end":{"line":126,"column":51}}],"line":126},"14":{"loc":{"start":{"line":130,"column":48},"end":{"line":130,"column":80}},"type":"cond-expr","locations":[{"start":{"line":130,"column":69},"end":{"line":130,"column":76}},{"start":{"line":130,"column":79},"end":{"line":130,"column":80}}],"line":130},"15":{"loc":{"start":{"line":131,"column":46},"end":{"line":131,"column":82}},"type":"cond-expr","locations":[{"start":{"line":131,"column":67},"end":{"line":131,"column":74}},{"start":{"line":131,"column":77},"end":{"line":131,"column":82}}],"line":131},"16":{"loc":{"start":{"line":132,"column":43},"end":{"line":132,"column":75}},"type":"cond-expr","locations":[{"start":{"line":132,"column":64},"end":{"line":132,"column":71}},{"start":{"line":132,"column":74},"end":{"line":132,"column":75}}],"line":132},"17":{"loc":{"start":{"line":133,"column":43},"end":{"line":133,"column":75}},"type":"cond-expr","locations":[{"start":{"line":133,"column":64},"end":{"line":133,"column":71}},{"start":{"line":133,"column":74},"end":{"line":133,"column":75}}],"line":133}},"s":{"0":1,"1":1,"2":0,"3":1,"4":1,"5":0,"6":0,"7":0,"8":0,"9":0,"10":0,"11":0,"12":0,"13":0,"14":0,"15":0,"16":0,"17":0,"18":0,"19":0,"20":1,"21":1,"22":0,"23":1,"24":0,"25":0,"26":0,"27":0,"28":0,"29":0,"30":0,"31":0,"32":0,"33":0,"34":0,"35":0,"36":0,"37":0,"38":0,"39":1,"40":0,"41":0,"42":0,"43":0,"44":0,"45":0,"46":0,"47":0,"48":0,"49":0,"50":0,"51":0,"52":0,"53":0,"54":0,"55":0,"56":0,"57":0,"58":0,"59":0,"60":0,"61":0,"62":0,"63":0,"64":0,"65":0,"66":0,"67":0,"68":0,"69":0,"70":0,"71":0,"72":0,"73":0,"74":1},"f":{"0":1,"1":1,"2":0,"3":0,"4":0,"5":0,"6":0,"7":0,"8":0,"9":0,"10":0},"b":{"0":[0,1],"1":[1,0],"2":[1,0],"3":[0,0],"4":[0,0],"5":[0,0],"6":[0,0],"7":[0,0],"8":[0,0,0],"9":[0,0],"10":[0,0],"11":[0,0],"12":[0,0],"13":[0,0],"14":[0,0],"15":[0,0],"16":[0,0],"17":[0,0]},"_coverageSchema":"1a1c01bbd47fc00a2c39e90264f33305004495a9","hash":"917548d81a37110b4c271cb74368c041a3c56806"}
}
