{"C:\\Users\\vsvij\\Desktop\\dws-github\\dws-challenge\\src\\helper.js": {"path":"C:\\Users\\vsvij\\Desktop\\dws-github\\dws-challenge\\src\\helper.js","statementMap":{"0":{"start":{"line":1,"column":33},"end":{"line":12,"column":1}},"1":{"start":{"line":2,"column":24},"end":{"line":2,"column":41}},"2":{"start":{"line":3,"column":13},"end":{"line":3,"column":51}},"3":{"start":{"line":5,"column":15},"end":{"line":5,"column":17}},"4":{"start":{"line":7,"column":2},"end":{"line":10,"column":3}},"5":{"start":{"line":7,"column":15},"end":{"line":7,"column":34}},"6":{"start":{"line":8,"column":4},"end":{"line":9,"column":15}},"7":{"start":{"line":8,"column":39},"end":{"line":8,"column":64}},"8":{"start":{"line":9,"column":9},"end":{"line":9,"column":15}},"9":{"start":{"line":11,"column":2},"end":{"line":11,"column":16}},"10":{"start":{"line":15,"column":29},"end":{"line":21,"column":1}},"11":{"start":{"line":16,"column":19},"end":{"line":16,"column":49}},"12":{"start":{"line":18,"column":13},"end":{"line":18,"column":41}},"13":{"start":{"line":19,"column":2},"end":{"line":19,"column":27}},"14":{"start":{"line":20,"column":2},"end":{"line":20,"column":22}}},"fnMap":{"0":{"name":"(anonymous_0)","decl":{"start":{"line":1,"column":33},"end":{"line":1,"column":34}},"loc":{"start":{"line":1,"column":59},"end":{"line":12,"column":1}},"line":1},"1":{"name":"(anonymous_1)","decl":{"start":{"line":15,"column":29},"end":{"line":15,"column":30}},"loc":{"start":{"line":15,"column":45},"end":{"line":21,"column":1}},"line":15}},"branchMap":{"0":{"loc":{"start":{"line":8,"column":4},"end":{"line":9,"column":15}},"type":"if","locations":[{"start":{"line":8,"column":4},"end":{"line":9,"column":15}},{"start":{"line":8,"column":4},"end":{"line":9,"column":15}}],"line":8}},"s":{"0":1,"1":2,"2":2,"3":2,"4":2,"5":2,"6":3,"7":2,"8":1,"9":2,"10":1,"11":0,"12":0,"13":0,"14":0},"f":{"0":2,"1":0},"b":{"0":[2,1]},"_coverageSchema":"1a1c01bbd47fc00a2c39e90264f33305004495a9","hash":"8788244a3fcf878e63bdd44e4b24647b072cdfac"}
}
