TN:
SF:src\controller.js
FN:3,(anonymous_0)
FN:20,(anonymous_1)
FN:27,(anonymous_2)
FN:30,(anonymous_3)
FN:31,(anonymous_4)
FN:34,(anonymous_5)
FN:38,(anonymous_6)
FNF:7
FNH:1
FNDA:3,(anonymous_0)
FNDA:0,(anonymous_1)
FNDA:0,(anonymous_2)
FNDA:0,(anonymous_3)
FNDA:0,(anonymous_4)
FNDA:0,(anonymous_5)
FNDA:0,(anonymous_6)
DA:3,1
DA:5,3
DA:6,1
DA:11,2
DA:12,1
DA:14,1
DA:17,2
DA:20,1
DA:21,0
DA:22,0
DA:23,0
DA:24,0
DA:27,1
DA:29,0
DA:30,0
DA:31,0
DA:34,1
DA:35,0
DA:36,0
DA:37,0
DA:38,0
DA:39,0
DA:41,0
DA:42,0
DA:47,0
DA:48,0
DA:49,0
DA:51,0
DA:53,0
DA:55,0
DA:57,0
DA:58,0
DA:60,0
DA:63,0
DA:64,0
DA:65,0
DA:66,0
DA:67,0
DA:68,0
DA:69,0
DA:70,0
DA:71,0
DA:72,0
DA:73,0
DA:74,0
LF:45
LH:10
BRDA:5,0,0,1
BRDA:5,0,1,2
BRDA:11,1,0,1
BRDA:11,1,1,1
BRDA:47,2,0,0
BRDA:47,2,1,0
BRF:6
BRH:4
end_of_record
TN:
SF:src\sparkline.js
FN:1,(anonymous_0)
FN:14,(anonymous_1)
FN:17,extend
FN:25,Sparkline
FN:56,(anonymous_4)
FN:60,(anonymous_5)
FN:66,getY
FN:75,drawDot
FN:82,showTooltip
FN:90,(anonymous_9)
FN:136,minmax
FNF:11
FNH:2
FNDA:1,(anonymous_0)
FNDA:1,(anonymous_1)
FNDA:0,extend
FNDA:0,Sparkline
FNDA:0,(anonymous_4)
FNDA:0,(anonymous_5)
FNDA:0,getY
FNDA:0,drawDot
FNDA:0,showTooltip
FNDA:0,(anonymous_9)
FNDA:0,minmax
DA:1,1
DA:2,1
DA:4,0
DA:5,1
DA:9,1
DA:12,0
DA:18,0
DA:19,0
DA:20,0
DA:22,0
DA:26,0
DA:27,0
DA:29,0
DA:30,0
DA:31,0
DA:32,0
DA:33,0
DA:35,0
DA:36,0
DA:37,0
DA:42,1
DA:56,1
DA:57,0
DA:60,1
DA:61,0
DA:62,0
DA:63,0
DA:67,0
DA:68,0
DA:69,0
DA:71,0
DA:76,0
DA:77,0
DA:78,0
DA:79,0
DA:83,0
DA:84,0
DA:85,0
DA:87,0
DA:90,1
DA:92,0
DA:93,0
DA:95,0
DA:96,0
DA:97,0
DA:98,0
DA:100,0
DA:101,0
DA:102,0
DA:103,0
DA:105,0
DA:106,0
DA:107,0
DA:108,0
DA:110,0
DA:111,0
DA:112,0
DA:114,0
DA:116,0
DA:117,0
DA:118,0
DA:120,0
DA:121,0
DA:122,0
DA:123,0
DA:125,0
DA:126,0
DA:128,0
DA:130,0
DA:131,0
DA:132,0
DA:133,0
DA:137,0
DA:140,1
LF:74
LH:9
BRDA:2,0,0,0
BRDA:2,0,1,1
BRDA:2,1,0,1
BRDA:2,1,1,0
BRDA:5,2,0,1
BRDA:5,2,1,0
BRDA:20,3,0,0
BRDA:20,3,1,0
BRDA:27,4,0,0
BRDA:27,4,1,0
BRDA:33,5,0,0
BRDA:33,5,1,0
BRDA:35,6,0,0
BRDA:35,6,1,0
BRDA:68,7,0,0
BRDA:68,7,1,0
BRDA:83,8,0,0
BRDA:83,8,1,0
BRDA:83,8,2,0
BRDA:92,9,0,0
BRDA:92,9,1,0
BRDA:105,10,0,0
BRDA:105,10,1,0
BRDA:106,11,0,0
BRDA:106,11,1,0
BRDA:125,12,0,0
BRDA:125,12,1,0
BRDA:126,13,0,0
BRDA:126,13,1,0
BRDA:130,14,0,0
BRDA:130,14,1,0
BRDA:131,15,0,0
BRDA:131,15,1,0
BRDA:132,16,0,0
BRDA:132,16,1,0
BRDA:133,17,0,0
BRDA:133,17,1,0
BRF:37
BRH:3
end_of_record
